  main.cpp
C:\Users\BYALCIN17\Desktop\COMP410\Assigment1\include\Angel.h(60,51): warning C4305: 'initializing': truncation from 'double' to 'GLfloat'
C:\Users\BYALCIN17\Desktop\COMP410\Assigment1\include\mat.h(707,22): warning C4244: '=': conversion from 'double' to 'GLfloat', possible loss of data
C:\Users\BYALCIN17\Desktop\COMP410\Assigment1\include\mat.h(708,22): warning C4244: '=': conversion from 'double' to 'GLfloat', possible loss of data
C:\Users\BYALCIN17\Desktop\COMP410\Assigment1\include\mat.h(709,22): warning C4244: '=': conversion from 'double' to 'GLfloat', possible loss of data
C:\Users\BYALCIN17\Desktop\COMP410\Assigment1\include\mat.h(730,28): warning C4244: '=': conversion from 'double' to 'GLfloat', possible loss of data
C:\Users\BYALCIN17\Desktop\COMP410\Assigment1\include\mat.h(732,28): warning C4244: '=': conversion from 'double' to 'GLfloat', possible loss of data
C:\Users\BYALCIN17\Desktop\COMP410\Assigment1\include\mat.h(735,34): warning C4244: '=': conversion from 'double' to 'GLfloat', possible loss of data
C:\Users\BYALCIN17\Desktop\COMP410\Assigment1\include\mat.h(752,34): warning C4244: '=': conversion from 'double' to 'GLfloat', possible loss of data
C:\Users\BYALCIN17\Desktop\COMP410\Assigment1\main.cpp(46,1): warning C4305: 'argument': truncation from 'double' to 'GLfloat'
C:\Users\BYALCIN17\Desktop\COMP410\Assigment1\main.cpp(51,33): warning C4305: 'argument': truncation from 'double' to 'GLfloat'
C:\Users\BYALCIN17\Desktop\COMP410\Assigment1\main.cpp(52,33): warning C4305: 'argument': truncation from 'double' to 'GLfloat'
C:\Users\BYALCIN17\Desktop\COMP410\Assigment1\main.cpp(53,32): warning C4305: 'argument': truncation from 'double' to 'GLfloat'
C:\Users\BYALCIN17\Desktop\COMP410\Assigment1\main.cpp(54,32): warning C4305: 'argument': truncation from 'double' to 'GLfloat'
C:\Users\BYALCIN17\Desktop\COMP410\Assigment1\main.cpp(55,33): warning C4305: 'argument': truncation from 'double' to 'GLfloat'
C:\Users\BYALCIN17\Desktop\COMP410\Assigment1\main.cpp(56,33): warning C4305: 'argument': truncation from 'double' to 'GLfloat'
C:\Users\BYALCIN17\Desktop\COMP410\Assigment1\main.cpp(57,32): warning C4305: 'argument': truncation from 'double' to 'GLfloat'
C:\Users\BYALCIN17\Desktop\COMP410\Assigment1\main.cpp(58,32): warning C4305: 'argument': truncation from 'double' to 'GLfloat'
C:\Users\BYALCIN17\Desktop\COMP410\Assigment1\main.cpp(66,29): warning C4305: 'argument': truncation from 'double' to 'GLfloat'
C:\Users\BYALCIN17\Desktop\COMP410\Assigment1\main.cpp(67,28): warning C4305: 'argument': truncation from 'double' to 'GLfloat'
C:\Users\BYALCIN17\Desktop\COMP410\Assigment1\main.cpp(68,23): warning C4305: 'argument': truncation from 'double' to 'GLfloat'
C:\Users\BYALCIN17\Desktop\COMP410\Assigment1\main.cpp(70,32): warning C4305: 'initializing': truncation from 'double' to 'GLfloat'
C:\Users\BYALCIN17\Desktop\COMP410\Assigment1\main.cpp(71,33): warning C4305: 'initializing': truncation from 'double' to 'GLfloat'
C:\Users\BYALCIN17\Desktop\COMP410\Assigment1\main.cpp(199,41): warning C4305: 'argument': truncation from 'double' to 'GLfloat'
C:\Users\BYALCIN17\Desktop\COMP410\Assigment1\main.cpp(200,48): warning C4305: 'argument': truncation from 'double' to 'GLfloat'
C:\Users\BYALCIN17\Desktop\COMP410\Assigment1\main.cpp(201,47): warning C4305: 'argument': truncation from 'double' to 'GLfloat'
C:\Users\BYALCIN17\Desktop\COMP410\Assigment1\main.cpp(230,23): warning C4018: '<': signed/unsigned mismatch
C:\Users\BYALCIN17\Desktop\COMP410\Assigment1\main.cpp(232,55): warning C4244: 'argument': conversion from 'double' to 'GLfloat', possible loss of data
C:\Users\BYALCIN17\Desktop\COMP410\Assigment1\main.cpp(232,46): warning C4244: 'argument': conversion from 'double' to 'GLfloat', possible loss of data
C:\Users\BYALCIN17\Desktop\COMP410\Assigment1\main.cpp(232,37): warning C4244: 'argument': conversion from 'double' to 'GLfloat', possible loss of data
C:\Users\BYALCIN17\Desktop\COMP410\Assigment1\main.cpp(237,23): warning C4018: '<': signed/unsigned mismatch
C:\Users\BYALCIN17\Desktop\COMP410\Assigment1\main.cpp(305,35): warning C4244: 'argument': conversion from 'double' to 'const GLfloat', possible loss of data
C:\Users\BYALCIN17\Desktop\COMP410\Assigment1\main.cpp(304,62): warning C4244: 'argument': conversion from 'double' to 'const GLfloat', possible loss of data
C:\Users\BYALCIN17\Desktop\COMP410\Assigment1\main.cpp(308,28): warning C4244: 'argument': conversion from 'double' to 'const GLfloat', possible loss of data
C:\Users\BYALCIN17\Desktop\COMP410\Assigment1\main.cpp(307,50): warning C4244: 'argument': conversion from 'double' to 'const GLfloat', possible loss of data
C:\Users\BYALCIN17\Desktop\COMP410\Assigment1\main.cpp(412,35): warning C4244: 'argument': conversion from 'double' to 'const GLfloat', possible loss of data
C:\Users\BYALCIN17\Desktop\COMP410\Assigment1\main.cpp(411,62): warning C4244: 'argument': conversion from 'double' to 'const GLfloat', possible loss of data
C:\Users\BYALCIN17\Desktop\COMP410\Assigment1\main.cpp(415,28): warning C4244: 'argument': conversion from 'double' to 'const GLfloat', possible loss of data
C:\Users\BYALCIN17\Desktop\COMP410\Assigment1\main.cpp(414,50): warning C4244: 'argument': conversion from 'double' to 'const GLfloat', possible loss of data
C:\Users\BYALCIN17\Desktop\COMP410\Assigment1\main.cpp(462,70): warning C4305: 'argument': truncation from 'double' to 'const GLfloat'
C:\Users\BYALCIN17\Desktop\COMP410\Assigment1\main.cpp(495,35): warning C4305: 'argument': truncation from 'double' to 'GLfloat'
C:\Users\BYALCIN17\Desktop\COMP410\Assigment1\main.cpp(496,34): warning C4305: 'argument': truncation from 'double' to 'GLfloat'
C:\Users\BYALCIN17\Desktop\COMP410\Assigment1\main.cpp(573,34): warning C4244: '=': conversion from 'double' to 'GLfloat', possible loss of data
C:\Users\BYALCIN17\Desktop\COMP410\Assigment1\main.cpp(606,21): warning C4244: 'argument': conversion from 'double' to 'const GLfloat', possible loss of data
C:\Users\BYALCIN17\Desktop\COMP410\Assigment1\main.cpp(608,28): warning C4244: 'argument': conversion from 'double' to 'const GLfloat', possible loss of data
C:\Users\BYALCIN17\Desktop\COMP410\Assigment1\main.cpp(638,35): warning C4244: 'argument': conversion from 'double' to 'const GLfloat', possible loss of data
C:\Users\BYALCIN17\Desktop\COMP410\Assigment1\main.cpp(637,62): warning C4244: 'argument': conversion from 'double' to 'const GLfloat', possible loss of data
C:\Users\BYALCIN17\Desktop\COMP410\Assigment1\main.cpp(641,28): warning C4244: 'argument': conversion from 'double' to 'const GLfloat', possible loss of data
C:\Users\BYALCIN17\Desktop\COMP410\Assigment1\main.cpp(640,50): warning C4244: 'argument': conversion from 'double' to 'const GLfloat', possible loss of data
  Assigment1_Project.vcxproj -> C:\Users\BYALCIN17\Desktop\COMP410\Assigment1\Assigment1_Project\x64\Debug\Assigment1_Project.exe
